2019-04-18 17:44.30 START predict_per_district     region=Region(district_name='Malacky', region_name='Bratislavský', area=949564634.0, geometry=<ee.geometry.Geometry object at 0x11e993a20>)
2019-04-18 17:44.30 START predict_per_district     region=Region(district_name='Pezinok', region_name='Bratislavský', area=375539629.0, geometry=<ee.geometry.Geometry object at 0x11e993a90>)
2019-04-18 17:44.30 START predict_per_district     region=Region(district_name='Senec', region_name='Bratislavský', area=359883925.0, geometry=<ee.geometry.Geometry object at 0x11e993b70>)
2019-04-18 17:44.30 START predict_per_district     region=Region(district_name='Dunajská Streda', region_name='Trnavský', area=1074589421.0, geometry=<ee.geometry.Geometry object at 0x11e95b2b0>)
2019-04-18 17:44.30 START predict_per_district     region=Region(district_name='Galanta', region_name='Trnavský', area=641715625.0, geometry=<ee.geometry.Geometry object at 0x11e950dd8>)
2019-04-18 17:44.30 START predict_per_district     region=Region(district_name='Hlohovec', region_name='Trnavský', area=267226972.0, geometry=<ee.geometry.Geometry object at 0x11284a748>)
2019-04-18 17:44.30 START predict_per_district     region=Region(district_name='Piešťany', region_name='Trnavský', area=381115771.0, geometry=<ee.geometry.Geometry object at 0x1128395c0>)
2019-04-18 17:44.31 START predict_per_district     region=Region(district_name='Senica', region_name='Trnavský', area=683257517.0, geometry=<ee.geometry.Geometry object at 0x1128398d0>)
2019-04-18 17:44.31 START predict_per_district     region=Region(district_name='Skalica', region_name='Trnavský', area=357081962.0, geometry=<ee.geometry.Geometry object at 0x1061dc518>)
2019-04-18 17:44.31 START predict_per_district     region=Region(district_name='Trnava', region_name='Trnavský', area=741316337.0, geometry=<ee.geometry.Geometry object at 0x11225f2e8>)
2019-04-18 17:44.31 START predict_per_district     region=Region(district_name='Bánovce nad Bebravou', region_name='Trenčiansky', area=461939077.0, geometry=<ee.geometry.Geometry object at 0x11225f8d0>)
2019-04-18 17:44.31 START predict_per_district     region=Region(district_name='Ilava', region_name='Trenčiansky', area=358500865.0, geometry=<ee.geometry.Geometry object at 0x11225f9b0>)
2019-04-18 17:44.31 START predict_per_district     region=Region(district_name='Myjava', region_name='Trenčiansky', area=327421905.0, geometry=<ee.geometry.Geometry object at 0x11225f160>)
2019-04-18 17:44.31 START predict_per_district     region=Region(district_name='Nové Mesto nad Váhom', region_name='Trenčiansky', area=579985077.0, geometry=<ee.geometry.Geometry object at 0x11225f438>)
2019-04-18 17:44.31 START predict_per_district     region=Region(district_name='Partizánske', region_name='Trenčiansky', area=301012685.0, geometry=<ee.geometry.Geometry object at 0x11225f4e0>)
2019-04-18 17:44.31 START predict_per_district     region=Region(district_name='Považská Bystrica', region_name='Trenčiansky', area=463153880.0, geometry=<ee.geometry.Geometry object at 0x11225f588>)
2019-04-18 17:44.31 START predict_per_district     region=Region(district_name='Prievidza', region_name='Trenčiansky', area=959869538.0, geometry=<ee.geometry.Geometry object at 0x11225f630>)
2019-04-18 17:44.31 START predict_per_district     region=Region(district_name='Púchov', region_name='Trenčiansky', area=375109676.0, geometry=<ee.geometry.Geometry object at 0x11e993ba8>)
2019-04-18 17:44.31 START predict_per_district     region=Region(district_name='Trenčín', region_name='Trenčiansky', area=674811863.0, geometry=<ee.geometry.Geometry object at 0x11e993c50>)
2019-04-18 17:44.31 START predict_per_district     region=Region(district_name='Komárno', region_name='Nitriansky', area=1100133357.0, geometry=<ee.geometry.Geometry object at 0x11e993cf8>)
2019-04-18 17:44.32 START predict_per_district     region=Region(district_name='Levice', region_name='Nitriansky', area=1551104906.0, geometry=<ee.geometry.Geometry object at 0x11e993dd8>)
2019-04-18 17:44.32 START predict_per_district     region=Region(district_name='Nitra', region_name='Nitriansky', area=870719944.0, geometry=<ee.geometry.Geometry object at 0x11e9644e0>)
2019-04-18 17:44.32 START predict_per_district     region=Region(district_name='Nové Zámky', region_name='Nitriansky', area=1347064780.0, geometry=<ee.geometry.Geometry object at 0x11e993f60>)
2019-04-18 17:44.32 START predict_per_district     region=Region(district_name='Šaľa', region_name='Nitriansky', area=355900088.0, geometry=<ee.geometry.Geometry object at 0x11feb4048>)
2019-04-18 17:44.32 START predict_per_district     region=Region(district_name='Topoľčany', region_name='Nitriansky', area=597633732.0, geometry=<ee.geometry.Geometry object at 0x11feb40f0>)
2019-04-18 17:44.32 START predict_per_district     region=Region(district_name='Zlaté Moravce', region_name='Nitriansky', area=521176585.0, geometry=<ee.geometry.Geometry object at 0x11feb4198>)
2019-04-18 17:44.32 START predict_per_district     region=Region(district_name='Bytča', region_name='Žilinský', area=281518791.0, geometry=<ee.geometry.Geometry object at 0x11feb4240>)
2019-04-18 17:44.32 START predict_per_district     region=Region(district_name='Čadca', region_name='Žilinský', area=760617232.0, geometry=<ee.geometry.Geometry object at 0x11feb42e8>)
2019-04-18 17:44.32 START predict_per_district     region=Region(district_name='Dolný Kubín', region_name='Žilinský', area=491838833.0, geometry=<ee.geometry.Geometry object at 0x11feb4390>)
2019-04-18 17:44.32 START predict_per_district     region=Region(district_name='Kysucké Nové Mesto', region_name='Žilinský', area=173683180.0, geometry=<ee.geometry.Geometry object at 0x11feb4438>)
2019-04-18 17:44.32 START predict_per_district     region=Region(district_name='Liptovský Mikuláš', region_name='Žilinský', area=1341034378.0, geometry=<ee.geometry.Geometry object at 0x11feb44e0>)
2019-04-18 17:44.32 START predict_per_district     region=Region(district_name='Martin', region_name='Žilinský', area=735711545.0, geometry=<ee.geometry.Geometry object at 0x11feb45c0>)
2019-04-18 17:44.32 START predict_per_district     region=Region(district_name='Námestovo', region_name='Žilinský', area=690455235.0, geometry=<ee.geometry.Geometry object at 0x11feb4668>)
2019-04-18 17:44.32 START predict_per_district     region=Region(district_name='Ružomberok', region_name='Žilinský', area=646798629.0, geometry=<ee.geometry.Geometry object at 0x11feb4710>)
2019-04-18 17:44.32 START predict_per_district     region=Region(district_name='Turčianske Teplice', region_name='Žilinský', area=392860227.0, geometry=<ee.geometry.Geometry object at 0x11feb47b8>)
2019-04-18 17:44.33 START predict_per_district     region=Region(district_name='Tvrdošín', region_name='Žilinský', area=478920302.0, geometry=<ee.geometry.Geometry object at 0x11feb4860>)
2019-04-18 17:44.33 START predict_per_district     region=Region(district_name='Žilina', region_name='Žilinský', area=815076682.0, geometry=<ee.geometry.Geometry object at 0x11feb4908>)
2019-04-18 17:44.33 START predict_per_district     region=Region(district_name='Banská Bystrica', region_name='Banskobystrický', area=809430920.0, geometry=<ee.geometry.Geometry object at 0x11feb49b0>)
2019-04-18 17:44.33 START predict_per_district     region=Region(district_name='Banská Štiavnica', region_name='Banskobystrický', area=292296416.0, geometry=<ee.geometry.Geometry object at 0x11feb4a58>)
2019-04-18 17:44.33 START predict_per_district     region=Region(district_name='Brezno', region_name='Banskobystrický', area=1265211046.0, geometry=<ee.geometry.Geometry object at 0x11feb4b38>)
2019-04-18 17:44.33 START predict_per_district     region=Region(district_name='Detva', region_name='Banskobystrický', area=449172078.0, geometry=<ee.geometry.Geometry object at 0x11feb4c18>)
2019-04-18 17:44.33 START predict_per_district     region=Region(district_name='Krupina', region_name='Banskobystrický', area=584899600.0, geometry=<ee.geometry.Geometry object at 0x11feb4cf8>)
2019-04-18 17:44.33 START predict_per_district     region=Region(district_name='Lučenec', region_name='Banskobystrický', area=825553363.0, geometry=<ee.geometry.Geometry object at 0x11feb4da0>)
2019-04-18 17:44.33 START predict_per_district     region=Region(district_name='Poltár', region_name='Banskobystrický', area=476302263.0, geometry=<ee.geometry.Geometry object at 0x11e950d68>)
2019-04-18 17:44.33 START predict_per_district     region=Region(district_name='Revúca', region_name='Banskobystrický', area=730123621.0, geometry=<ee.geometry.Geometry object at 0x11feb4ef0>)
2019-04-18 17:44.33 START predict_per_district     region=Region(district_name='Rimavská Sobota', region_name='Banskobystrický', area=1471073878.0, geometry=<ee.geometry.Geometry object at 0x11feb4f98>)
2019-04-18 17:44.33 START predict_per_district     region=Region(district_name='Veľký Krtíš', region_name='Banskobystrický', area=848182084.0, geometry=<ee.geometry.Geometry object at 0x120cd5080>)
2019-04-18 17:44.33 START predict_per_district     region=Region(district_name='Zvolen', region_name='Banskobystrický', area=759021066.0, geometry=<ee.geometry.Geometry object at 0x120cd5160>)
2019-04-18 17:44.33 START predict_per_district     region=Region(district_name='Žarnovica', region_name='Banskobystrický', area=425087956.0, geometry=<ee.geometry.Geometry object at 0x120cd5208>)
2019-04-18 17:44.34 START predict_per_district     region=Region(district_name='Žiar nad Hronom', region_name='Banskobystrický', area=517659600.0, geometry=<ee.geometry.Geometry object at 0x120cd52b0>)
2019-04-18 17:44.34 START predict_per_district     region=Region(district_name='Bardejov', region_name='Prešovský', area=935985087.0, geometry=<ee.geometry.Geometry object at 0x120cd5358>)
2019-04-18 17:44.34 START predict_per_district     region=Region(district_name='Humenné', region_name='Prešovský', area=754238069.0, geometry=<ee.geometry.Geometry object at 0x120cd5400>)
2019-04-18 17:44.34 START predict_per_district     region=Region(district_name='Kežmarok', region_name='Prešovský', area=629867590.0, geometry=<ee.geometry.Geometry object at 0x120cd54a8>)
2019-04-18 17:44.34 START predict_per_district     region=Region(district_name='Levoča', region_name='Prešovský', area=421001569.0, geometry=<ee.geometry.Geometry object at 0x120cd5550>)
2019-04-18 17:44.34 START predict_per_district     region=Region(district_name='Medzilaborce', region_name='Prešovský', area=427252072.0, geometry=<ee.geometry.Geometry object at 0x120cd55f8>)
2019-04-18 17:44.34 START predict_per_district     region=Region(district_name='Poprad', region_name='Prešovský', area=1104688836.0, geometry=<ee.geometry.Geometry object at 0x120cd56d8>)
2019-04-18 17:44.34 START predict_per_district     region=Region(district_name='Prešov', region_name='Prešovský', area=933954989.0, geometry=<ee.geometry.Geometry object at 0x120cd5780>)
2019-04-18 17:44.34 START predict_per_district     region=Region(district_name='Sabinov', region_name='Prešovský', area=545448530.0, geometry=<ee.geometry.Geometry object at 0x120cd5860>)
2019-04-18 17:44.34 START predict_per_district     region=Region(district_name='Snina', region_name='Prešovský', area=804744186.0, geometry=<ee.geometry.Geometry object at 0x120cd5940>)
2019-04-18 17:44.34 START predict_per_district     region=Region(district_name='Stará Ľubovňa', region_name='Prešovský', area=707866759.0, geometry=<ee.geometry.Geometry object at 0x11e993eb8>)
2019-04-18 17:44.34 START predict_per_district     region=Region(district_name='Stropkov', region_name='Prešovský', area=388931630.0, geometry=<ee.geometry.Geometry object at 0x120cd5a90>)
2019-04-18 17:44.34 START predict_per_district     region=Region(district_name='Svidník', region_name='Prešovský', area=549607373.0, geometry=<ee.geometry.Geometry object at 0x120cd5b38>)
2019-04-18 17:44.34 START predict_per_district     region=Region(district_name='Vranov nad Topľou', region_name='Prešovský', area=769233414.0, geometry=<ee.geometry.Geometry object at 0x120cd5be0>)
2019-04-18 17:44.35 START predict_per_district     region=Region(district_name='Gelnica', region_name='Košický', area=584310115.0, geometry=<ee.geometry.Geometry object at 0x120cd5cc0>)
2019-04-18 17:44.35 START predict_per_district     region=Region(district_name='Michalovce', region_name='Košický', area=1019236154.0, geometry=<ee.geometry.Geometry object at 0x120cd5e80>)
2019-04-18 17:44.35 START predict_per_district     region=Region(district_name='Rožňava', region_name='Košický', area=1173348104.0, geometry=<ee.geometry.Geometry object at 0x120cd5f28>)
2019-04-18 17:44.35 START predict_per_district     region=Region(district_name='Sobrance', region_name='Košický', area=538167833.0, geometry=<ee.geometry.Geometry object at 0x120cd5fd0>)
2019-04-18 17:44.35 START predict_per_district     region=Region(district_name='Spišská Nová Ves', region_name='Košický', area=587459110.0, geometry=<ee.geometry.Geometry object at 0x121d080b8>)
2019-04-18 17:44.35 START predict_per_district     region=Region(district_name='Trebišov', region_name='Košický', area=1073469994.0, geometry=<ee.geometry.Geometry object at 0x121d08160>)
2019-04-18 17:44.35 START predict_per_district     region=Region(district_name='Bratislava I-V', region_name='Bratislavský', area=367627172.0, geometry=<ee.geometry.Geometry object at 0x121d08470>)
2019-04-18 17:44.35 START predict_per_district     region=Region(district_name='Košice I-IV and Košice - okolie', region_name='Košický', area=1778333031.0, geometry=<ee.geometry.Geometry object at 0x121d087b8>)
2019-04-18 17:44.44 STOP predict_per_district      region=Region(district_name='Pezinok', region_name='Bratislavský', area=375539629.0, geometry=<ee.geometry.Geometry object at 0x11e993a90>)
2019-04-18 17:44.51 STOP predict_per_district      region=Region(district_name='Piešťany', region_name='Trnavský', area=381115771.0, geometry=<ee.geometry.Geometry object at 0x1128395c0>)
2019-04-18 17:44.53 STOP predict_per_district      region=Region(district_name='Myjava', region_name='Trenčiansky', area=327421905.0, geometry=<ee.geometry.Geometry object at 0x11225f160>)
2019-04-18 17:44.53 STOP predict_per_district      region=Region(district_name='Senec', region_name='Bratislavský', area=359883925.0, geometry=<ee.geometry.Geometry object at 0x11e993b70>)
2019-04-18 17:44.57 STOP predict_per_district      region=Region(district_name='Skalica', region_name='Trnavský', area=357081962.0, geometry=<ee.geometry.Geometry object at 0x1061dc518>)
2019-04-18 17:44.58 STOP predict_per_district      region=Region(district_name='Nové Mesto nad Váhom', region_name='Trenčiansky', area=579985077.0, geometry=<ee.geometry.Geometry object at 0x11225f438>)
2019-04-18 17:45.01 STOP predict_per_district      region=Region(district_name='Banská Štiavnica', region_name='Banskobystrický', area=292296416.0, geometry=<ee.geometry.Geometry object at 0x11feb4a58>)
2019-04-18 17:45.06 STOP predict_per_district      region=Region(district_name='Bánovce nad Bebravou', region_name='Trenčiansky', area=461939077.0, geometry=<ee.geometry.Geometry object at 0x11225f8d0>)
2019-04-18 17:45.07 STOP predict_per_district      region=Region(district_name='Bardejov', region_name='Prešovský', area=935985087.0, geometry=<ee.geometry.Geometry object at 0x120cd5358>)
2019-04-18 17:45.10 STOP predict_per_district      region=Region(district_name='Bratislava I-V', region_name='Bratislavský', area=367627172.0, geometry=<ee.geometry.Geometry object at 0x121d08470>)
2019-04-18 17:45.11 STOP predict_per_district      region=Region(district_name='Kysucké Nové Mesto', region_name='Žilinský', area=173683180.0, geometry=<ee.geometry.Geometry object at 0x11feb4438>)
2019-04-18 17:45.12 STOP predict_per_district      region=Region(district_name='Trenčín', region_name='Trenčiansky', area=674811863.0, geometry=<ee.geometry.Geometry object at 0x11e993c50>)
2019-04-18 17:45.12 STOP predict_per_district      region=Region(district_name='Malacky', region_name='Bratislavský', area=949564634.0, geometry=<ee.geometry.Geometry object at 0x11e993a20>)
2019-04-18 17:45.15 STOP predict_per_district      region=Region(district_name='Bytča', region_name='Žilinský', area=281518791.0, geometry=<ee.geometry.Geometry object at 0x11feb4240>)
2019-04-18 17:45.20 STOP predict_per_district      region=Region(district_name='Komárno', region_name='Nitriansky', area=1100133357.0, geometry=<ee.geometry.Geometry object at 0x11e993cf8>)
2019-04-18 17:45.22 STOP predict_per_district      region=Region(district_name='Trnava', region_name='Trnavský', area=741316337.0, geometry=<ee.geometry.Geometry object at 0x11225f2e8>)
2019-04-18 17:45.22 STOP predict_per_district      region=Region(district_name='Považská Bystrica', region_name='Trenčiansky', area=463153880.0, geometry=<ee.geometry.Geometry object at 0x11225f588>)
2019-04-18 17:45.23 STOP predict_per_district      region=Region(district_name='Dolný Kubín', region_name='Žilinský', area=491838833.0, geometry=<ee.geometry.Geometry object at 0x11feb4390>)
2019-04-18 17:45.25 STOP predict_per_district      region=Region(district_name='Stropkov', region_name='Prešovský', area=388931630.0, geometry=<ee.geometry.Geometry object at 0x120cd5a90>)
2019-04-18 17:45.31 STOP predict_per_district      region=Region(district_name='Senica', region_name='Trnavský', area=683257517.0, geometry=<ee.geometry.Geometry object at 0x1128398d0>)
2019-04-18 17:45.31 STOP predict_per_district      region=Region(district_name='Zvolen', region_name='Banskobystrický', area=759021066.0, geometry=<ee.geometry.Geometry object at 0x120cd5160>)
2019-04-18 17:45.31 STOP predict_per_district      region=Region(district_name='Trebišov', region_name='Košický', area=1073469994.0, geometry=<ee.geometry.Geometry object at 0x121d08160>)
2019-04-18 17:45.32 STOP predict_per_district      region=Region(district_name='Banská Bystrica', region_name='Banskobystrický', area=809430920.0, geometry=<ee.geometry.Geometry object at 0x11feb49b0>)
2019-04-18 17:45.34 STOP predict_per_district      region=Region(district_name='Turčianske Teplice', region_name='Žilinský', area=392860227.0, geometry=<ee.geometry.Geometry object at 0x11feb47b8>)
2019-04-18 17:45.34 STOP predict_per_district      region=Region(district_name='Šaľa', region_name='Nitriansky', area=355900088.0, geometry=<ee.geometry.Geometry object at 0x11feb4048>)
2019-04-18 17:45.38 STOP predict_per_district      region=Region(district_name='Zlaté Moravce', region_name='Nitriansky', area=521176585.0, geometry=<ee.geometry.Geometry object at 0x11feb4198>)
2019-04-18 17:45.39 STOP predict_per_district      region=Region(district_name='Partizánske', region_name='Trenčiansky', area=301012685.0, geometry=<ee.geometry.Geometry object at 0x11225f4e0>)
2019-04-18 17:45.39 STOP predict_per_district      region=Region(district_name='Tvrdošín', region_name='Žilinský', area=478920302.0, geometry=<ee.geometry.Geometry object at 0x11feb4860>)
2019-04-18 17:45.41 STOP predict_per_district      region=Region(district_name='Medzilaborce', region_name='Prešovský', area=427252072.0, geometry=<ee.geometry.Geometry object at 0x120cd55f8>)
2019-04-18 17:45.41 STOP predict_per_district      region=Region(district_name='Sobrance', region_name='Košický', area=538167833.0, geometry=<ee.geometry.Geometry object at 0x120cd5fd0>)
2019-04-18 17:45.43 STOP predict_per_district      region=Region(district_name='Púchov', region_name='Trenčiansky', area=375109676.0, geometry=<ee.geometry.Geometry object at 0x11e993ba8>)
2019-04-18 17:45.43 STOP predict_per_district      region=Region(district_name='Gelnica', region_name='Košický', area=584310115.0, geometry=<ee.geometry.Geometry object at 0x120cd5cc0>)
2019-04-18 17:45.43 STOP predict_per_district      region=Region(district_name='Detva', region_name='Banskobystrický', area=449172078.0, geometry=<ee.geometry.Geometry object at 0x11feb4c18>)
2019-04-18 17:45.49 STOP predict_per_district      region=Region(district_name='Martin', region_name='Žilinský', area=735711545.0, geometry=<ee.geometry.Geometry object at 0x11feb45c0>)
2019-04-18 17:45.51 STOP predict_per_district      region=Region(district_name='Vranov nad Topľou', region_name='Prešovský', area=769233414.0, geometry=<ee.geometry.Geometry object at 0x120cd5be0>)
2019-04-18 17:45.56 STOP predict_per_district      region=Region(district_name='Žilina', region_name='Žilinský', area=815076682.0, geometry=<ee.geometry.Geometry object at 0x11feb4908>)
2019-04-18 17:45.59 STOP predict_per_district      region=Region(district_name='Galanta', region_name='Trnavský', area=641715625.0, geometry=<ee.geometry.Geometry object at 0x11e950dd8>)
2019-04-18 17:46.01 STOP predict_per_district      region=Region(district_name='Námestovo', region_name='Žilinský', area=690455235.0, geometry=<ee.geometry.Geometry object at 0x11feb4668>)
2019-04-18 17:46.01 STOP predict_per_district      region=Region(district_name='Ilava', region_name='Trenčiansky', area=358500865.0, geometry=<ee.geometry.Geometry object at 0x11225f9b0>)
2019-04-18 17:46.01 STOP predict_per_district      region=Region(district_name='Žarnovica', region_name='Banskobystrický', area=425087956.0, geometry=<ee.geometry.Geometry object at 0x120cd5208>)
2019-04-18 17:46.01 STOP predict_per_district      region=Region(district_name='Dunajská Streda', region_name='Trnavský', area=1074589421.0, geometry=<ee.geometry.Geometry object at 0x11e95b2b0>)
2019-04-18 17:46.04 STOP predict_per_district      region=Region(district_name='Spišská Nová Ves', region_name='Košický', area=587459110.0, geometry=<ee.geometry.Geometry object at 0x121d080b8>)
2019-04-18 17:46.04 STOP predict_per_district      region=Region(district_name='Levoča', region_name='Prešovský', area=421001569.0, geometry=<ee.geometry.Geometry object at 0x120cd5550>)
2019-04-18 17:46.04 STOP predict_per_district      region=Region(district_name='Topoľčany', region_name='Nitriansky', area=597633732.0, geometry=<ee.geometry.Geometry object at 0x11feb40f0>)
2019-04-18 17:46.05 STOP predict_per_district      region=Region(district_name='Krupina', region_name='Banskobystrický', area=584899600.0, geometry=<ee.geometry.Geometry object at 0x11feb4cf8>)
2019-04-18 17:46.05 STOP predict_per_district      region=Region(district_name='Hlohovec', region_name='Trnavský', area=267226972.0, geometry=<ee.geometry.Geometry object at 0x11284a748>)
2019-04-18 17:46.06 STOP predict_per_district      region=Region(district_name='Revúca', region_name='Banskobystrický', area=730123621.0, geometry=<ee.geometry.Geometry object at 0x11feb4ef0>)
2019-04-18 17:46.07 STOP predict_per_district      region=Region(district_name='Poltár', region_name='Banskobystrický', area=476302263.0, geometry=<ee.geometry.Geometry object at 0x11e950d68>)
2019-04-18 17:46.08 STOP predict_per_district      region=Region(district_name='Žiar nad Hronom', region_name='Banskobystrický', area=517659600.0, geometry=<ee.geometry.Geometry object at 0x120cd52b0>)
2019-04-18 17:46.11 STOP predict_per_district      region=Region(district_name='Prievidza', region_name='Trenčiansky', area=959869538.0, geometry=<ee.geometry.Geometry object at 0x11225f630>)
2019-04-18 17:46.11 STOP predict_per_district      region=Region(district_name='Košice I-IV and Košice - okolie', region_name='Košický', area=1778333031.0, geometry=<ee.geometry.Geometry object at 0x121d087b8>)
2019-04-18 17:46.14 STOP predict_per_district      region=Region(district_name='Michalovce', region_name='Košický', area=1019236154.0, geometry=<ee.geometry.Geometry object at 0x120cd5e80>)
2019-04-18 17:46.14 STOP predict_per_district      region=Region(district_name='Čadca', region_name='Žilinský', area=760617232.0, geometry=<ee.geometry.Geometry object at 0x11feb42e8>)
2019-04-18 17:46.14 STOP predict_per_district      region=Region(district_name='Levice', region_name='Nitriansky', area=1551104906.0, geometry=<ee.geometry.Geometry object at 0x11e993dd8>)
2019-04-18 17:46.19 STOP predict_per_district      region=Region(district_name='Rožňava', region_name='Košický', area=1173348104.0, geometry=<ee.geometry.Geometry object at 0x120cd5f28>)
2019-04-18 17:46.20 STOP predict_per_district      region=Region(district_name='Sabinov', region_name='Prešovský', area=545448530.0, geometry=<ee.geometry.Geometry object at 0x120cd5860>)
2019-04-18 17:46.22 STOP predict_per_district      region=Region(district_name='Brezno', region_name='Banskobystrický', area=1265211046.0, geometry=<ee.geometry.Geometry object at 0x11feb4b38>)
2019-04-18 17:46.22 STOP predict_per_district      region=Region(district_name='Lučenec', region_name='Banskobystrický', area=825553363.0, geometry=<ee.geometry.Geometry object at 0x11feb4da0>)
2019-04-18 17:46.22 STOP predict_per_district      region=Region(district_name='Veľký Krtíš', region_name='Banskobystrický', area=848182084.0, geometry=<ee.geometry.Geometry object at 0x120cd5080>)
2019-04-18 17:46.23 STOP predict_per_district      region=Region(district_name='Kežmarok', region_name='Prešovský', area=629867590.0, geometry=<ee.geometry.Geometry object at 0x120cd54a8>)
2019-04-18 17:46.37 STOP predict_per_district      region=Region(district_name='Stará Ľubovňa', region_name='Prešovský', area=707866759.0, geometry=<ee.geometry.Geometry object at 0x11e993eb8>)
2019-04-18 17:46.39 STOP predict_per_district      region=Region(district_name='Ružomberok', region_name='Žilinský', area=646798629.0, geometry=<ee.geometry.Geometry object at 0x11feb4710>)
2019-04-18 17:46.41 STOP predict_per_district      region=Region(district_name='Snina', region_name='Prešovský', area=804744186.0, geometry=<ee.geometry.Geometry object at 0x120cd5940>)
2019-04-18 17:46.42 STOP predict_per_district      region=Region(district_name='Poprad', region_name='Prešovský', area=1104688836.0, geometry=<ee.geometry.Geometry object at 0x120cd56d8>)
2019-04-18 17:46.42 STOP predict_per_district      region=Region(district_name='Prešov', region_name='Prešovský', area=933954989.0, geometry=<ee.geometry.Geometry object at 0x120cd5780>)
2019-04-18 17:46.45 STOP predict_per_district      region=Region(district_name='Svidník', region_name='Prešovský', area=549607373.0, geometry=<ee.geometry.Geometry object at 0x120cd5b38>)
2019-04-18 17:46.45 STOP predict_per_district      region=Region(district_name='Humenné', region_name='Prešovský', area=754238069.0, geometry=<ee.geometry.Geometry object at 0x120cd5400>)
2019-04-18 17:46.56 STOP predict_per_district      region=Region(district_name='Nové Zámky', region_name='Nitriansky', area=1347064780.0, geometry=<ee.geometry.Geometry object at 0x11e993f60>)
2019-04-18 17:47.05 STOP predict_per_district      region=Region(district_name='Liptovský Mikuláš', region_name='Žilinský', area=1341034378.0, geometry=<ee.geometry.Geometry object at 0x11feb44e0>)
2019-04-18 17:47.10 STOP predict_per_district      region=Region(district_name='Nitra', region_name='Nitriansky', area=870719944.0, geometry=<ee.geometry.Geometry object at 0x11e9644e0>)
2019-04-18 17:48.24 STOP predict_per_district      region=Region(district_name='Rimavská Sobota', region_name='Banskobystrický', area=1471073878.0, geometry=<ee.geometry.Geometry object at 0x11feb4f98>)