2019-04-18 16:59.53 START predict_per_district     region=Region(district_name='Malacky', region_name='Bratislavský', area=949564634.0, geometry=<ee.geometry.Geometry object at 0x11c2088d0>)
2019-04-18 17:00.36 STOP predict_per_district      region=Region(district_name='Malacky', region_name='Bratislavský', area=949564634.0, geometry=<ee.geometry.Geometry object at 0x11c2088d0>)
2019-04-18 17:00.36 START predict_per_district     region=Region(district_name='Pezinok', region_name='Bratislavský', area=375539629.0, geometry=<ee.geometry.Geometry object at 0x11c208978>)
2019-04-18 17:00.56 STOP predict_per_district      region=Region(district_name='Pezinok', region_name='Bratislavský', area=375539629.0, geometry=<ee.geometry.Geometry object at 0x11c208978>)
2019-04-18 17:00.56 START predict_per_district     region=Region(district_name='Senec', region_name='Bratislavský', area=359883925.0, geometry=<ee.geometry.Geometry object at 0x11c208a58>)
2019-04-18 17:01.23 STOP predict_per_district      region=Region(district_name='Senec', region_name='Bratislavský', area=359883925.0, geometry=<ee.geometry.Geometry object at 0x11c208a58>)
2019-04-18 17:01.23 START predict_per_district     region=Region(district_name='Dunajská Streda', region_name='Trnavský', area=1074589421.0, geometry=<ee.geometry.Geometry object at 0x11c1ae240>)
2019-04-18 17:01.59 STOP predict_per_district      region=Region(district_name='Dunajská Streda', region_name='Trnavský', area=1074589421.0, geometry=<ee.geometry.Geometry object at 0x11c1ae240>)
2019-04-18 17:01.59 START predict_per_district     region=Region(district_name='Galanta', region_name='Trnavský', area=641715625.0, geometry=<ee.geometry.Geometry object at 0x11c1a3cc0>)
2019-04-18 17:02.26 STOP predict_per_district      region=Region(district_name='Galanta', region_name='Trnavský', area=641715625.0, geometry=<ee.geometry.Geometry object at 0x11c1a3cc0>)
2019-04-18 17:02.26 START predict_per_district     region=Region(district_name='Hlohovec', region_name='Trnavský', area=267226972.0, geometry=<ee.geometry.Geometry object at 0x1100847b8>)
2019-04-18 17:02.43 STOP predict_per_district      region=Region(district_name='Hlohovec', region_name='Trnavský', area=267226972.0, geometry=<ee.geometry.Geometry object at 0x1100847b8>)
2019-04-18 17:02.43 START predict_per_district     region=Region(district_name='Piešťany', region_name='Trnavský', area=381115771.0, geometry=<ee.geometry.Geometry object at 0x110076358>)
2019-04-18 17:03.00 STOP predict_per_district      region=Region(district_name='Piešťany', region_name='Trnavský', area=381115771.0, geometry=<ee.geometry.Geometry object at 0x110076358>)
2019-04-18 17:03.00 START predict_per_district     region=Region(district_name='Senica', region_name='Trnavský', area=683257517.0, geometry=<ee.geometry.Geometry object at 0x110076748>)
2019-04-18 17:03.29 STOP predict_per_district      region=Region(district_name='Senica', region_name='Trnavský', area=683257517.0, geometry=<ee.geometry.Geometry object at 0x110076748>)
2019-04-18 17:03.29 START predict_per_district     region=Region(district_name='Skalica', region_name='Trnavský', area=357081962.0, geometry=<ee.geometry.Geometry object at 0x1039e4a58>)
2019-04-18 17:03.48 STOP predict_per_district      region=Region(district_name='Skalica', region_name='Trnavský', area=357081962.0, geometry=<ee.geometry.Geometry object at 0x1039e4a58>)
2019-04-18 17:03.48 START predict_per_district     region=Region(district_name='Trnava', region_name='Trnavský', area=741316337.0, geometry=<ee.geometry.Geometry object at 0x10fb78400>)
2019-04-18 17:04.18 STOP predict_per_district      region=Region(district_name='Trnava', region_name='Trnavský', area=741316337.0, geometry=<ee.geometry.Geometry object at 0x10fb78400>)
2019-04-18 17:04.18 START predict_per_district     region=Region(district_name='Bánovce nad Bebravou', region_name='Trenčiansky', area=461939077.0, geometry=<ee.geometry.Geometry object at 0x10fb789e8>)
2019-04-18 17:04.40 STOP predict_per_district      region=Region(district_name='Bánovce nad Bebravou', region_name='Trenčiansky', area=461939077.0, geometry=<ee.geometry.Geometry object at 0x10fb789e8>)
2019-04-18 17:04.40 START predict_per_district     region=Region(district_name='Ilava', region_name='Trenčiansky', area=358500865.0, geometry=<ee.geometry.Geometry object at 0x10fb78ac8>)
2019-04-18 17:05.05 STOP predict_per_district      region=Region(district_name='Ilava', region_name='Trenčiansky', area=358500865.0, geometry=<ee.geometry.Geometry object at 0x10fb78ac8>)
2019-04-18 17:05.05 START predict_per_district     region=Region(district_name='Myjava', region_name='Trenčiansky', area=327421905.0, geometry=<ee.geometry.Geometry object at 0x10fb78278>)
2019-04-18 17:05.22 STOP predict_per_district      region=Region(district_name='Myjava', region_name='Trenčiansky', area=327421905.0, geometry=<ee.geometry.Geometry object at 0x10fb78278>)
2019-04-18 17:05.22 START predict_per_district     region=Region(district_name='Nové Mesto nad Váhom', region_name='Trenčiansky', area=579985077.0, geometry=<ee.geometry.Geometry object at 0x10fb78550>)
2019-04-18 17:05.37 STOP predict_per_district      region=Region(district_name='Nové Mesto nad Váhom', region_name='Trenčiansky', area=579985077.0, geometry=<ee.geometry.Geometry object at 0x10fb78550>)
2019-04-18 17:05.37 START predict_per_district     region=Region(district_name='Partizánske', region_name='Trenčiansky', area=301012685.0, geometry=<ee.geometry.Geometry object at 0x10fb785f8>)
2019-04-18 17:05.53 STOP predict_per_district      region=Region(district_name='Partizánske', region_name='Trenčiansky', area=301012685.0, geometry=<ee.geometry.Geometry object at 0x10fb785f8>)
2019-04-18 17:05.53 START predict_per_district     region=Region(district_name='Považská Bystrica', region_name='Trenčiansky', area=463153880.0, geometry=<ee.geometry.Geometry object at 0x10fb786a0>)
2019-04-18 17:06.20 STOP predict_per_district      region=Region(district_name='Považská Bystrica', region_name='Trenčiansky', area=463153880.0, geometry=<ee.geometry.Geometry object at 0x10fb786a0>)
2019-04-18 17:06.20 START predict_per_district     region=Region(district_name='Prievidza', region_name='Trenčiansky', area=959869538.0, geometry=<ee.geometry.Geometry object at 0x10fb78748>)
2019-04-18 17:06.59 STOP predict_per_district      region=Region(district_name='Prievidza', region_name='Trenčiansky', area=959869538.0, geometry=<ee.geometry.Geometry object at 0x10fb78748>)
2019-04-18 17:06.59 START predict_per_district     region=Region(district_name='Púchov', region_name='Trenčiansky', area=375109676.0, geometry=<ee.geometry.Geometry object at 0x10fed3e80>)
2019-04-18 17:07.19 STOP predict_per_district      region=Region(district_name='Púchov', region_name='Trenčiansky', area=375109676.0, geometry=<ee.geometry.Geometry object at 0x10fed3e80>)
2019-04-18 17:07.19 START predict_per_district     region=Region(district_name='Trenčín', region_name='Trenčiansky', area=674811863.0, geometry=<ee.geometry.Geometry object at 0x11c208b00>)
2019-04-18 17:07.57 STOP predict_per_district      region=Region(district_name='Trenčín', region_name='Trenčiansky', area=674811863.0, geometry=<ee.geometry.Geometry object at 0x11c208b00>)
2019-04-18 17:07.57 START predict_per_district     region=Region(district_name='Komárno', region_name='Nitriansky', area=1100133357.0, geometry=<ee.geometry.Geometry object at 0x11c208ba8>)
2019-04-18 17:08.42 STOP predict_per_district      region=Region(district_name='Komárno', region_name='Nitriansky', area=1100133357.0, geometry=<ee.geometry.Geometry object at 0x11c208ba8>)
2019-04-18 17:08.42 START predict_per_district     region=Region(district_name='Levice', region_name='Nitriansky', area=1551104906.0, geometry=<ee.geometry.Geometry object at 0x11c208c88>)
2019-04-18 17:09.41 STOP predict_per_district      region=Region(district_name='Levice', region_name='Nitriansky', area=1551104906.0, geometry=<ee.geometry.Geometry object at 0x11c208c88>)
2019-04-18 17:09.41 START predict_per_district     region=Region(district_name='Nitra', region_name='Nitriansky', area=870719944.0, geometry=<ee.geometry.Geometry object at 0x11c1b9438>)
2019-04-18 17:10.19 STOP predict_per_district      region=Region(district_name='Nitra', region_name='Nitriansky', area=870719944.0, geometry=<ee.geometry.Geometry object at 0x11c1b9438>)
2019-04-18 17:10.19 START predict_per_district     region=Region(district_name='Nové Zámky', region_name='Nitriansky', area=1347064780.0, geometry=<ee.geometry.Geometry object at 0x11c208e10>)
2019-04-18 17:11.14 STOP predict_per_district      region=Region(district_name='Nové Zámky', region_name='Nitriansky', area=1347064780.0, geometry=<ee.geometry.Geometry object at 0x11c208e10>)
2019-04-18 17:11.14 START predict_per_district     region=Region(district_name='Šaľa', region_name='Nitriansky', area=355900088.0, geometry=<ee.geometry.Geometry object at 0x11c208eb8>)
2019-04-18 17:11.32 STOP predict_per_district      region=Region(district_name='Šaľa', region_name='Nitriansky', area=355900088.0, geometry=<ee.geometry.Geometry object at 0x11c208eb8>)
2019-04-18 17:11.32 START predict_per_district     region=Region(district_name='Topoľčany', region_name='Nitriansky', area=597633732.0, geometry=<ee.geometry.Geometry object at 0x11c208f60>)
2019-04-18 17:12.01 STOP predict_per_district      region=Region(district_name='Topoľčany', region_name='Nitriansky', area=597633732.0, geometry=<ee.geometry.Geometry object at 0x11c208f60>)
2019-04-18 17:12.01 START predict_per_district     region=Region(district_name='Zlaté Moravce', region_name='Nitriansky', area=521176585.0, geometry=<ee.geometry.Geometry object at 0x11d85c048>)
2019-04-18 17:12.24 STOP predict_per_district      region=Region(district_name='Zlaté Moravce', region_name='Nitriansky', area=521176585.0, geometry=<ee.geometry.Geometry object at 0x11d85c048>)
2019-04-18 17:12.24 START predict_per_district     region=Region(district_name='Bytča', region_name='Žilinský', area=281518791.0, geometry=<ee.geometry.Geometry object at 0x11d85c0f0>)
2019-04-18 17:12.39 STOP predict_per_district      region=Region(district_name='Bytča', region_name='Žilinský', area=281518791.0, geometry=<ee.geometry.Geometry object at 0x11d85c0f0>)
2019-04-18 17:12.39 START predict_per_district     region=Region(district_name='Čadca', region_name='Žilinský', area=760617232.0, geometry=<ee.geometry.Geometry object at 0x11d85c198>)
2019-04-18 17:13.10 STOP predict_per_district      region=Region(district_name='Čadca', region_name='Žilinský', area=760617232.0, geometry=<ee.geometry.Geometry object at 0x11d85c198>)
2019-04-18 17:13.10 START predict_per_district     region=Region(district_name='Dolný Kubín', region_name='Žilinský', area=491838833.0, geometry=<ee.geometry.Geometry object at 0x11d85c240>)
2019-04-18 17:13.32 STOP predict_per_district      region=Region(district_name='Dolný Kubín', region_name='Žilinský', area=491838833.0, geometry=<ee.geometry.Geometry object at 0x11d85c240>)
2019-04-18 17:13.32 START predict_per_district     region=Region(district_name='Kysucké Nové Mesto', region_name='Žilinský', area=173683180.0, geometry=<ee.geometry.Geometry object at 0x11d85c2e8>)
2019-04-18 17:13.46 STOP predict_per_district      region=Region(district_name='Kysucké Nové Mesto', region_name='Žilinský', area=173683180.0, geometry=<ee.geometry.Geometry object at 0x11d85c2e8>)
2019-04-18 17:13.46 START predict_per_district     region=Region(district_name='Liptovský Mikuláš', region_name='Žilinský', area=1341034378.0, geometry=<ee.geometry.Geometry object at 0x11d85c390>)
2019-04-18 17:14.38 STOP predict_per_district      region=Region(district_name='Liptovský Mikuláš', region_name='Žilinský', area=1341034378.0, geometry=<ee.geometry.Geometry object at 0x11d85c390>)
2019-04-18 17:14.38 START predict_per_district     region=Region(district_name='Martin', region_name='Žilinský', area=735711545.0, geometry=<ee.geometry.Geometry object at 0x11d85c470>)
2019-04-18 17:15.07 STOP predict_per_district      region=Region(district_name='Martin', region_name='Žilinský', area=735711545.0, geometry=<ee.geometry.Geometry object at 0x11d85c470>)
2019-04-18 17:15.07 START predict_per_district     region=Region(district_name='Námestovo', region_name='Žilinský', area=690455235.0, geometry=<ee.geometry.Geometry object at 0x11d85c518>)
2019-04-18 17:15.44 STOP predict_per_district      region=Region(district_name='Námestovo', region_name='Žilinský', area=690455235.0, geometry=<ee.geometry.Geometry object at 0x11d85c518>)
2019-04-18 17:15.44 START predict_per_district     region=Region(district_name='Ružomberok', region_name='Žilinský', area=646798629.0, geometry=<ee.geometry.Geometry object at 0x11d85c5c0>)
2019-04-18 17:16.14 STOP predict_per_district      region=Region(district_name='Ružomberok', region_name='Žilinský', area=646798629.0, geometry=<ee.geometry.Geometry object at 0x11d85c5c0>)
2019-04-18 17:16.14 START predict_per_district     region=Region(district_name='Turčianske Teplice', region_name='Žilinský', area=392860227.0, geometry=<ee.geometry.Geometry object at 0x11d85c668>)
2019-04-18 17:16.35 STOP predict_per_district      region=Region(district_name='Turčianske Teplice', region_name='Žilinský', area=392860227.0, geometry=<ee.geometry.Geometry object at 0x11d85c668>)
2019-04-18 17:16.35 START predict_per_district     region=Region(district_name='Tvrdošín', region_name='Žilinský', area=478920302.0, geometry=<ee.geometry.Geometry object at 0x11d85c710>)
2019-04-18 17:17.01 STOP predict_per_district      region=Region(district_name='Tvrdošín', region_name='Žilinský', area=478920302.0, geometry=<ee.geometry.Geometry object at 0x11d85c710>)
2019-04-18 17:17.01 START predict_per_district     region=Region(district_name='Žilina', region_name='Žilinský', area=815076682.0, geometry=<ee.geometry.Geometry object at 0x11d85c7b8>)
2019-04-18 17:17.34 STOP predict_per_district      region=Region(district_name='Žilina', region_name='Žilinský', area=815076682.0, geometry=<ee.geometry.Geometry object at 0x11d85c7b8>)
2019-04-18 17:17.34 START predict_per_district     region=Region(district_name='Banská Bystrica', region_name='Banskobystrický', area=809430920.0, geometry=<ee.geometry.Geometry object at 0x11d85c860>)
2019-04-18 17:18.09 STOP predict_per_district      region=Region(district_name='Banská Bystrica', region_name='Banskobystrický', area=809430920.0, geometry=<ee.geometry.Geometry object at 0x11d85c860>)
2019-04-18 17:18.09 START predict_per_district     region=Region(district_name='Banská Štiavnica', region_name='Banskobystrický', area=292296416.0, geometry=<ee.geometry.Geometry object at 0x11d85c908>)
2019-04-18 17:18.28 STOP predict_per_district      region=Region(district_name='Banská Štiavnica', region_name='Banskobystrický', area=292296416.0, geometry=<ee.geometry.Geometry object at 0x11d85c908>)
2019-04-18 17:18.28 START predict_per_district     region=Region(district_name='Brezno', region_name='Banskobystrický', area=1265211046.0, geometry=<ee.geometry.Geometry object at 0x11d85c9e8>)
2019-04-18 17:19.17 STOP predict_per_district      region=Region(district_name='Brezno', region_name='Banskobystrický', area=1265211046.0, geometry=<ee.geometry.Geometry object at 0x11d85c9e8>)
2019-04-18 17:19.17 START predict_per_district     region=Region(district_name='Detva', region_name='Banskobystrický', area=449172078.0, geometry=<ee.geometry.Geometry object at 0x11d85cac8>)
2019-04-18 17:19.37 STOP predict_per_district      region=Region(district_name='Detva', region_name='Banskobystrický', area=449172078.0, geometry=<ee.geometry.Geometry object at 0x11d85cac8>)
2019-04-18 17:19.37 START predict_per_district     region=Region(district_name='Krupina', region_name='Banskobystrický', area=584899600.0, geometry=<ee.geometry.Geometry object at 0x11d85cba8>)
2019-04-18 17:20.07 STOP predict_per_district      region=Region(district_name='Krupina', region_name='Banskobystrický', area=584899600.0, geometry=<ee.geometry.Geometry object at 0x11d85cba8>)
2019-04-18 17:20.07 START predict_per_district     region=Region(district_name='Lučenec', region_name='Banskobystrický', area=825553363.0, geometry=<ee.geometry.Geometry object at 0x11d85cc50>)
2019-04-18 17:20.40 STOP predict_per_district      region=Region(district_name='Lučenec', region_name='Banskobystrický', area=825553363.0, geometry=<ee.geometry.Geometry object at 0x11d85cc50>)
2019-04-18 17:20.40 START predict_per_district     region=Region(district_name='Poltár', region_name='Banskobystrický', area=476302263.0, geometry=<ee.geometry.Geometry object at 0x11c1a3cf8>)
2019-04-18 17:21.04 STOP predict_per_district      region=Region(district_name='Poltár', region_name='Banskobystrický', area=476302263.0, geometry=<ee.geometry.Geometry object at 0x11c1a3cf8>)
2019-04-18 17:21.04 START predict_per_district     region=Region(district_name='Revúca', region_name='Banskobystrický', area=730123621.0, geometry=<ee.geometry.Geometry object at 0x11d85cda0>)
2019-04-18 17:21.27 STOP predict_per_district      region=Region(district_name='Revúca', region_name='Banskobystrický', area=730123621.0, geometry=<ee.geometry.Geometry object at 0x11d85cda0>)
2019-04-18 17:21.27 START predict_per_district     region=Region(district_name='Rimavská Sobota', region_name='Banskobystrický', area=1471073878.0, geometry=<ee.geometry.Geometry object at 0x11d85ce48>)
2019-04-18 17:22.26 STOP predict_per_district      region=Region(district_name='Rimavská Sobota', region_name='Banskobystrický', area=1471073878.0, geometry=<ee.geometry.Geometry object at 0x11d85ce48>)
2019-04-18 17:22.26 START predict_per_district     region=Region(district_name='Veľký Krtíš', region_name='Banskobystrický', area=848182084.0, geometry=<ee.geometry.Geometry object at 0x11d85cef0>)
2019-04-18 17:22.58 STOP predict_per_district      region=Region(district_name='Veľký Krtíš', region_name='Banskobystrický', area=848182084.0, geometry=<ee.geometry.Geometry object at 0x11d85cef0>)
2019-04-18 17:22.58 START predict_per_district     region=Region(district_name='Zvolen', region_name='Banskobystrický', area=759021066.0, geometry=<ee.geometry.Geometry object at 0x11d85cfd0>)
2019-04-18 17:23.33 STOP predict_per_district      region=Region(district_name='Zvolen', region_name='Banskobystrický', area=759021066.0, geometry=<ee.geometry.Geometry object at 0x11d85cfd0>)
2019-04-18 17:23.33 START predict_per_district     region=Region(district_name='Žarnovica', region_name='Banskobystrický', area=425087956.0, geometry=<ee.geometry.Geometry object at 0x11e76d0b8>)
2019-04-18 17:23.52 STOP predict_per_district      region=Region(district_name='Žarnovica', region_name='Banskobystrický', area=425087956.0, geometry=<ee.geometry.Geometry object at 0x11e76d0b8>)
2019-04-18 17:23.52 START predict_per_district     region=Region(district_name='Žiar nad Hronom', region_name='Banskobystrický', area=517659600.0, geometry=<ee.geometry.Geometry object at 0x11e76d160>)
2019-04-18 17:24.24 STOP predict_per_district      region=Region(district_name='Žiar nad Hronom', region_name='Banskobystrický', area=517659600.0, geometry=<ee.geometry.Geometry object at 0x11e76d160>)
2019-04-18 17:24.24 START predict_per_district     region=Region(district_name='Bardejov', region_name='Prešovský', area=935985087.0, geometry=<ee.geometry.Geometry object at 0x11e76d208>)
2019-04-18 17:25.11 STOP predict_per_district      region=Region(district_name='Bardejov', region_name='Prešovský', area=935985087.0, geometry=<ee.geometry.Geometry object at 0x11e76d208>)
2019-04-18 17:25.11 START predict_per_district     region=Region(district_name='Humenné', region_name='Prešovský', area=754238069.0, geometry=<ee.geometry.Geometry object at 0x11e76d2b0>)
2019-04-18 17:25.39 STOP predict_per_district      region=Region(district_name='Humenné', region_name='Prešovský', area=754238069.0, geometry=<ee.geometry.Geometry object at 0x11e76d2b0>)
2019-04-18 17:25.39 START predict_per_district     region=Region(district_name='Kežmarok', region_name='Prešovský', area=629867590.0, geometry=<ee.geometry.Geometry object at 0x11e76d358>)
2019-04-18 17:26.25 STOP predict_per_district      region=Region(district_name='Kežmarok', region_name='Prešovský', area=629867590.0, geometry=<ee.geometry.Geometry object at 0x11e76d358>)
2019-04-18 17:26.25 START predict_per_district     region=Region(district_name='Levoča', region_name='Prešovský', area=421001569.0, geometry=<ee.geometry.Geometry object at 0x11e76d400>)
2019-04-18 17:26.53 STOP predict_per_district      region=Region(district_name='Levoča', region_name='Prešovský', area=421001569.0, geometry=<ee.geometry.Geometry object at 0x11e76d400>)
2019-04-18 17:26.53 START predict_per_district     region=Region(district_name='Medzilaborce', region_name='Prešovský', area=427252072.0, geometry=<ee.geometry.Geometry object at 0x11e76d4a8>)
2019-04-18 17:27.17 STOP predict_per_district      region=Region(district_name='Medzilaborce', region_name='Prešovský', area=427252072.0, geometry=<ee.geometry.Geometry object at 0x11e76d4a8>)
2019-04-18 17:27.17 START predict_per_district     region=Region(district_name='Poprad', region_name='Prešovský', area=1104688836.0, geometry=<ee.geometry.Geometry object at 0x11e76d588>)
2019-04-18 17:28.04 STOP predict_per_district      region=Region(district_name='Poprad', region_name='Prešovský', area=1104688836.0, geometry=<ee.geometry.Geometry object at 0x11e76d588>)
2019-04-18 17:28.04 START predict_per_district     region=Region(district_name='Prešov', region_name='Prešovský', area=933954989.0, geometry=<ee.geometry.Geometry object at 0x11e76d630>)
2019-04-18 17:28.48 STOP predict_per_district      region=Region(district_name='Prešov', region_name='Prešovský', area=933954989.0, geometry=<ee.geometry.Geometry object at 0x11e76d630>)
2019-04-18 17:28.48 START predict_per_district     region=Region(district_name='Sabinov', region_name='Prešovský', area=545448530.0, geometry=<ee.geometry.Geometry object at 0x11e76d710>)
2019-04-18 17:29.16 STOP predict_per_district      region=Region(district_name='Sabinov', region_name='Prešovský', area=545448530.0, geometry=<ee.geometry.Geometry object at 0x11e76d710>)
2019-04-18 17:29.16 START predict_per_district     region=Region(district_name='Snina', region_name='Prešovský', area=804744186.0, geometry=<ee.geometry.Geometry object at 0x11e76d7f0>)
2019-04-18 17:29.50 STOP predict_per_district      region=Region(district_name='Snina', region_name='Prešovský', area=804744186.0, geometry=<ee.geometry.Geometry object at 0x11e76d7f0>)
2019-04-18 17:29.50 START predict_per_district     region=Region(district_name='Stará Ľubovňa', region_name='Prešovský', area=707866759.0, geometry=<ee.geometry.Geometry object at 0x11c208d68>)
2019-04-18 17:30.14 STOP predict_per_district      region=Region(district_name='Stará Ľubovňa', region_name='Prešovský', area=707866759.0, geometry=<ee.geometry.Geometry object at 0x11c208d68>)
2019-04-18 17:30.14 START predict_per_district     region=Region(district_name='Stropkov', region_name='Prešovský', area=388931630.0, geometry=<ee.geometry.Geometry object at 0x11e76d940>)
2019-04-18 17:30.39 STOP predict_per_district      region=Region(district_name='Stropkov', region_name='Prešovský', area=388931630.0, geometry=<ee.geometry.Geometry object at 0x11e76d940>)
2019-04-18 17:30.39 START predict_per_district     region=Region(district_name='Svidník', region_name='Prešovský', area=549607373.0, geometry=<ee.geometry.Geometry object at 0x11e76d9e8>)
2019-04-18 17:31.18 STOP predict_per_district      region=Region(district_name='Svidník', region_name='Prešovský', area=549607373.0, geometry=<ee.geometry.Geometry object at 0x11e76d9e8>)
2019-04-18 17:31.18 START predict_per_district     region=Region(district_name='Vranov nad Topľou', region_name='Prešovský', area=769233414.0, geometry=<ee.geometry.Geometry object at 0x11e76da90>)
2019-04-18 17:31.59 STOP predict_per_district      region=Region(district_name='Vranov nad Topľou', region_name='Prešovský', area=769233414.0, geometry=<ee.geometry.Geometry object at 0x11e76da90>)
2019-04-18 17:31.59 START predict_per_district     region=Region(district_name='Gelnica', region_name='Košický', area=584310115.0, geometry=<ee.geometry.Geometry object at 0x11e76db70>)
2019-04-18 17:32.30 STOP predict_per_district      region=Region(district_name='Gelnica', region_name='Košický', area=584310115.0, geometry=<ee.geometry.Geometry object at 0x11e76db70>)
2019-04-18 17:32.30 START predict_per_district     region=Region(district_name='Michalovce', region_name='Košický', area=1019236154.0, geometry=<ee.geometry.Geometry object at 0x11e76dd30>)
2019-04-18 17:33.29 STOP predict_per_district      region=Region(district_name='Michalovce', region_name='Košický', area=1019236154.0, geometry=<ee.geometry.Geometry object at 0x11e76dd30>)
2019-04-18 17:33.29 START predict_per_district     region=Region(district_name='Rožňava', region_name='Košický', area=1173348104.0, geometry=<ee.geometry.Geometry object at 0x11e76ddd8>)
2019-04-18 17:34.15 STOP predict_per_district      region=Region(district_name='Rožňava', region_name='Košický', area=1173348104.0, geometry=<ee.geometry.Geometry object at 0x11e76ddd8>)
2019-04-18 17:34.15 START predict_per_district     region=Region(district_name='Sobrance', region_name='Košický', area=538167833.0, geometry=<ee.geometry.Geometry object at 0x11e76de80>)
2019-04-18 17:34.40 STOP predict_per_district      region=Region(district_name='Sobrance', region_name='Košický', area=538167833.0, geometry=<ee.geometry.Geometry object at 0x11e76de80>)
2019-04-18 17:34.40 START predict_per_district     region=Region(district_name='Spišská Nová Ves', region_name='Košický', area=587459110.0, geometry=<ee.geometry.Geometry object at 0x11e76df28>)
2019-04-18 17:35.10 STOP predict_per_district      region=Region(district_name='Spišská Nová Ves', region_name='Košický', area=587459110.0, geometry=<ee.geometry.Geometry object at 0x11e76df28>)
2019-04-18 17:35.10 START predict_per_district     region=Region(district_name='Trebišov', region_name='Košický', area=1073469994.0, geometry=<ee.geometry.Geometry object at 0x11e76dfd0>)
2019-04-18 17:35.48 STOP predict_per_district      region=Region(district_name='Trebišov', region_name='Košický', area=1073469994.0, geometry=<ee.geometry.Geometry object at 0x11e76dfd0>)
2019-04-18 17:35.48 START predict_per_district     region=Region(district_name='Bratislava I-V', region_name='Bratislavský', area=367627172.0, geometry=<ee.geometry.Geometry object at 0x11f7d4358>)
2019-04-18 17:36.07 STOP predict_per_district      region=Region(district_name='Bratislava I-V', region_name='Bratislavský', area=367627172.0, geometry=<ee.geometry.Geometry object at 0x11f7d4358>)
2019-04-18 17:36.07 START predict_per_district     region=Region(district_name='Košice I-IV and Košice - okolie', region_name='Košický', area=1778333031.0, geometry=<ee.geometry.Geometry object at 0x11f7d46a0>)
2019-04-18 17:36.43 STOP predict_per_district      region=Region(district_name='Košice I-IV and Košice - okolie', region_name='Košický', area=1778333031.0, geometry=<ee.geometry.Geometry object at 0x11f7d46a0>)